<?xml version="1.0" encoding="UTF-8"?>
<testsuite xmlns:xsi="http://www.w3.org/2001/XMLSchema-instance" xsi:noNamespaceSchemaLocation="https://maven.apache.org/surefire/maven-surefire-plugin/xsd/surefire-test-report.xsd" name="com.proyectoJuegoCalabozos.Proyecto.RoomControllerIntegrationTest" time="20.876" tests="1" errors="0" skipped="0" failures="1">
  <properties>
[...]
</properties>
  <testcase name="listPlayersFromRoom" classname="com.proyectoJuegoCalabozos.Proyecto.RoomControllerIntegrationTest" time="6.89">
    <failure message="expected:&lt;com.proyectoJuegoCalabozos.Proyecto.model.Player@202ed88d&gt; but was:&lt;com.proyectoJuegoCalabozos.Proyecto.model.Player@270a113f&gt;" type="java.lang.AssertionError"><![CDATA[java.lang.AssertionError: expected:<com.proyectoJuegoCalabozos.Proyecto.model.Player@202ed88d> but was:<com.proyectoJuegoCalabozos.Proyecto.model.Player@270a113f>
	at com.proyectoJuegoCalabozos.Proyecto.RoomControllerIntegrationTest.listPlayersFromRoom(RoomControllerIntegrationTest.java:69)
]]></failure>
    <system-out><![CDATA[16:23:59.659 [main] DEBUG org.springframework.test.context.BootstrapUtils - Instantiating CacheAwareContextLoaderDelegate from class [org.springframework.test.context.cache.DefaultCacheAwareContextLoaderDelegate]
16:23:59.674 [main] DEBUG org.springframework.test.context.BootstrapUtils - Instantiating BootstrapContext using constructor [public org.springframework.test.context.support.DefaultBootstrapContext(java.lang.Class,org.springframework.test.context.CacheAwareContextLoaderDelegate)]
16:23:59.733 [main] DEBUG org.springframework.test.context.BootstrapUtils - Instantiating TestContextBootstrapper for test class [com.proyectoJuegoCalabozos.Proyecto.RoomControllerIntegrationTest] from class [org.springframework.boot.test.context.SpringBootTestContextBootstrapper]
16:23:59.752 [main] INFO org.springframework.boot.test.context.SpringBootTestContextBootstrapper - Neither @ContextConfiguration nor @ContextHierarchy found for test class [com.proyectoJuegoCalabozos.Proyecto.RoomControllerIntegrationTest], using SpringBootContextLoader
16:23:59.759 [main] DEBUG org.springframework.test.context.support.AbstractContextLoader - Did not detect default resource location for test class [com.proyectoJuegoCalabozos.Proyecto.RoomControllerIntegrationTest]: class path resource [com/proyectoJuegoCalabozos/Proyecto/RoomControllerIntegrationTest-context.xml] does not exist
16:23:59.760 [main] DEBUG org.springframework.test.context.support.AbstractContextLoader - Did not detect default resource location for test class [com.proyectoJuegoCalabozos.Proyecto.RoomControllerIntegrationTest]: class path resource [com/proyectoJuegoCalabozos/Proyecto/RoomControllerIntegrationTestContext.groovy] does not exist
16:23:59.760 [main] INFO org.springframework.test.context.support.AbstractContextLoader - Could not detect default resource locations for test class [com.proyectoJuegoCalabozos.Proyecto.RoomControllerIntegrationTest]: no resource found for suffixes {-context.xml, Context.groovy}.
16:23:59.761 [main] INFO org.springframework.test.context.support.AnnotationConfigContextLoaderUtils - Could not detect default configuration classes for test class [com.proyectoJuegoCalabozos.Proyecto.RoomControllerIntegrationTest]: RoomControllerIntegrationTest does not declare any static, non-private, non-final, nested classes annotated with @Configuration.
16:24:00.007 [main] DEBUG org.springframework.context.annotation.ClassPathScanningCandidateComponentProvider - Identified candidate component class: file [D:\universdad\semestre 9\web\PoyectoWeb-Juego-\Backend\Proyecto\target\classes\com\proyectoJuegoCalabozos\Proyecto\ProyectoApplication.class]
16:24:00.009 [main] INFO org.springframework.boot.test.context.SpringBootTestContextBootstrapper - Found @SpringBootConfiguration com.proyectoJuegoCalabozos.Proyecto.ProyectoApplication for test class com.proyectoJuegoCalabozos.Proyecto.RoomControllerIntegrationTest
16:24:00.279 [main] DEBUG org.springframework.boot.test.context.SpringBootTestContextBootstrapper - @TestExecutionListeners is not present for class [com.proyectoJuegoCalabozos.Proyecto.RoomControllerIntegrationTest]: using defaults.
16:24:00.280 [main] INFO org.springframework.boot.test.context.SpringBootTestContextBootstrapper - Loaded default TestExecutionListener class names from location [META-INF/spring.factories]: [org.springframework.boot.test.mock.mockito.MockitoTestExecutionListener, org.springframework.boot.test.mock.mockito.ResetMocksTestExecutionListener, org.springframework.boot.test.autoconfigure.restdocs.RestDocsTestExecutionListener, org.springframework.boot.test.autoconfigure.web.client.MockRestServiceServerResetTestExecutionListener, org.springframework.boot.test.autoconfigure.web.servlet.MockMvcPrintOnlyOnFailureTestExecutionListener, org.springframework.boot.test.autoconfigure.web.servlet.WebDriverTestExecutionListener, org.springframework.boot.test.autoconfigure.webservices.client.MockWebServiceServerTestExecutionListener, org.springframework.test.context.web.ServletTestExecutionListener, org.springframework.test.context.support.DirtiesContextBeforeModesTestExecutionListener, org.springframework.test.context.event.ApplicationEventsTestExecutionListener, org.springframework.test.context.support.DependencyInjectionTestExecutionListener, org.springframework.test.context.support.DirtiesContextTestExecutionListener, org.springframework.test.context.transaction.TransactionalTestExecutionListener, org.springframework.test.context.jdbc.SqlScriptsTestExecutionListener, org.springframework.test.context.event.EventPublishingTestExecutionListener]
16:24:00.332 [main] INFO org.springframework.boot.test.context.SpringBootTestContextBootstrapper - Using TestExecutionListeners: [org.springframework.test.context.web.ServletTestExecutionListener@6f0b0a5e, org.springframework.test.context.support.DirtiesContextBeforeModesTestExecutionListener@6035b93b, org.springframework.test.context.event.ApplicationEventsTestExecutionListener@320de594, org.springframework.boot.test.mock.mockito.MockitoTestExecutionListener@3dd1dc90, org.springframework.boot.test.autoconfigure.SpringBootDependencyInjectionTestExecutionListener@abf688e, org.springframework.test.context.support.DirtiesContextTestExecutionListener@478ee483, org.springframework.test.context.transaction.TransactionalTestExecutionListener@1a7288a3, org.springframework.test.context.jdbc.SqlScriptsTestExecutionListener@2974f221, org.springframework.test.context.event.EventPublishingTestExecutionListener@58fe0499, org.springframework.boot.test.mock.mockito.ResetMocksTestExecutionListener@686449f9, org.springframework.boot.test.autoconfigure.restdocs.RestDocsTestExecutionListener@665df3c6, org.springframework.boot.test.autoconfigure.web.client.MockRestServiceServerResetTestExecutionListener@68b6f0d6, org.springframework.boot.test.autoconfigure.web.servlet.MockMvcPrintOnlyOnFailureTestExecutionListener@4044fb95, org.springframework.boot.test.autoconfigure.web.servlet.WebDriverTestExecutionListener@aa549e5, org.springframework.boot.test.autoconfigure.webservices.client.MockWebServiceServerTestExecutionListener@36f48b4]
16:24:00.341 [main] DEBUG org.springframework.test.context.support.AbstractDirtiesContextTestExecutionListener - Before test class: context [DefaultTestContext@29df4d43 testClass = RoomControllerIntegrationTest, testInstance = [null], testMethod = [null], testException = [null], mergedContextConfiguration = [WebMergedContextConfiguration@5dd91bca testClass = RoomControllerIntegrationTest, locations = '{}', classes = '{class com.proyectoJuegoCalabozos.Proyecto.ProyectoApplication}', contextInitializerClasses = '[]', activeProfiles = '{integrationtest}', propertySourceLocations = '{}', propertySourceProperties = '{org.springframework.boot.test.context.SpringBootTestContextBootstrapper=true, server.port=0}', contextCustomizers = set[org.springframework.boot.test.context.filter.ExcludeFilterContextCustomizer@52e7a6b2, org.springframework.boot.test.json.DuplicateJsonObjectContextCustomizerFactory$DuplicateJsonObjectContextCustomizer@2d9caaeb, org.springframework.boot.test.mock.mockito.MockitoContextCustomizer@0, org.springframework.boot.test.web.client.TestRestTemplateContextCustomizer@127a7a2e, org.springframework.boot.test.autoconfigure.actuate.metrics.MetricsExportContextCustomizerFactory$DisableMetricExportContextCustomizer@6c372fe6, org.springframework.boot.test.autoconfigure.properties.PropertyMappingContextCustomizer@0, org.springframework.boot.test.autoconfigure.web.servlet.WebDriverContextCustomizerFactory$Customizer@1d483de4, org.springframework.boot.test.context.SpringBootTestArgs@1, org.springframework.boot.test.context.SpringBootTestWebEnvironment@47af7f3d], resourceBasePath = 'src/main/webapp', contextLoader = 'org.springframework.boot.test.context.SpringBootContextLoader', parent = [null]], attributes = map['org.springframework.test.context.web.ServletTestExecutionListener.activateListener' -> false]], class annotated with @DirtiesContext [true] with mode [BEFORE_EACH_TEST_METHOD].
16:24:00.388 [main] DEBUG org.springframework.test.context.support.DependencyInjectionTestExecutionListener - Performing dependency injection for test context [[DefaultTestContext@29df4d43 testClass = RoomControllerIntegrationTest, testInstance = com.proyectoJuegoCalabozos.Proyecto.RoomControllerIntegrationTest@338494fa, testMethod = [null], testException = [null], mergedContextConfiguration = [WebMergedContextConfiguration@5dd91bca testClass = RoomControllerIntegrationTest, locations = '{}', classes = '{class com.proyectoJuegoCalabozos.Proyecto.ProyectoApplication}', contextInitializerClasses = '[]', activeProfiles = '{integrationtest}', propertySourceLocations = '{}', propertySourceProperties = '{org.springframework.boot.test.context.SpringBootTestContextBootstrapper=true, server.port=0}', contextCustomizers = set[org.springframework.boot.test.context.filter.ExcludeFilterContextCustomizer@52e7a6b2, org.springframework.boot.test.json.DuplicateJsonObjectContextCustomizerFactory$DuplicateJsonObjectContextCustomizer@2d9caaeb, org.springframework.boot.test.mock.mockito.MockitoContextCustomizer@0, org.springframework.boot.test.web.client.TestRestTemplateContextCustomizer@127a7a2e, org.springframework.boot.test.autoconfigure.actuate.metrics.MetricsExportContextCustomizerFactory$DisableMetricExportContextCustomizer@6c372fe6, org.springframework.boot.test.autoconfigure.properties.PropertyMappingContextCustomizer@0, org.springframework.boot.test.autoconfigure.web.servlet.WebDriverContextCustomizerFactory$Customizer@1d483de4, org.springframework.boot.test.context.SpringBootTestArgs@1, org.springframework.boot.test.context.SpringBootTestWebEnvironment@47af7f3d], resourceBasePath = 'src/main/webapp', contextLoader = 'org.springframework.boot.test.context.SpringBootContextLoader', parent = [null]], attributes = map['org.springframework.test.context.web.ServletTestExecutionListener.activateListener' -> false, 'org.springframework.test.context.event.ApplicationEventsTestExecutionListener.recordApplicationEvents' -> false]]].

  .   ____          _            __ _ _
 /\\ / ___'_ __ _ _(_)_ __  __ _ \ \ \ \
( ( )\___ | '_ | '_| | '_ \/ _` | \ \ \ \
 \\/  ___)| |_)| | | | | || (_| |  ) ) ) )
  '  |____| .__|_| |_|_| |_\__, | / / / /
 =========|_|==============|___/=/_/_/_/
 :: Spring Boot ::                (v2.6.3)

2022-04-26 16:24:01.245  INFO 9916 --- [           main] c.p.P.RoomControllerIntegrationTest      : Starting RoomControllerIntegrationTest using Java 11.0.8 on DESKTOP-3JUB1C5 with PID 9916 (started by samyf in D:\universdad\semestre 9\web\PoyectoWeb-Juego-\Backend\Proyecto)
2022-04-26 16:24:01.247  INFO 9916 --- [           main] c.p.P.RoomControllerIntegrationTest      : The following profiles are active: integrationtest
2022-04-26 16:24:03.051  INFO 9916 --- [           main] .s.d.r.c.RepositoryConfigurationDelegate : Bootstrapping Spring Data JPA repositories in DEFAULT mode.
2022-04-26 16:24:03.197  INFO 9916 --- [           main] .s.d.r.c.RepositoryConfigurationDelegate : Finished Spring Data repository scanning in 129 ms. Found 7 JPA repository interfaces.
2022-04-26 16:24:05.372  INFO 9916 --- [           main] o.s.b.w.embedded.tomcat.TomcatWebServer  : Tomcat initialized with port(s): 0 (http)
2022-04-26 16:24:05.389  INFO 9916 --- [           main] o.apache.catalina.core.StandardService   : Starting service [Tomcat]
2022-04-26 16:24:05.389  INFO 9916 --- [           main] org.apache.catalina.core.StandardEngine  : Starting Servlet engine: [Apache Tomcat/9.0.56]
2022-04-26 16:24:05.567  INFO 9916 --- [           main] o.a.c.c.C.[Tomcat].[localhost].[/]       : Initializing Spring embedded WebApplicationContext
2022-04-26 16:24:05.568  INFO 9916 --- [           main] w.s.c.ServletWebServerApplicationContext : Root WebApplicationContext: initialization completed in 4277 ms
2022-04-26 16:24:05.696  INFO 9916 --- [           main] com.zaxxer.hikari.HikariDataSource       : HikariPool-1 - Starting...
2022-04-26 16:24:05.988  INFO 9916 --- [           main] com.zaxxer.hikari.HikariDataSource       : HikariPool-1 - Start completed.
2022-04-26 16:24:06.019  INFO 9916 --- [           main] o.s.b.a.h2.H2ConsoleAutoConfiguration    : H2 console available at '/h2'. Database available at 'jdbc:h2:file:./mydatabase'
2022-04-26 16:24:06.372  INFO 9916 --- [           main] o.hibernate.jpa.internal.util.LogHelper  : HHH000204: Processing PersistenceUnitInfo [name: default]
2022-04-26 16:24:06.484  INFO 9916 --- [           main] org.hibernate.Version                    : HHH000412: Hibernate ORM core version 5.6.4.Final
2022-04-26 16:24:06.755  INFO 9916 --- [           main] o.hibernate.annotations.common.Version   : HCANN000001: Hibernate Commons Annotations {5.1.2.Final}
2022-04-26 16:24:06.949  INFO 9916 --- [           main] org.hibernate.dialect.Dialect            : HHH000400: Using dialect: org.hibernate.dialect.H2Dialect
2022-04-26 16:24:07.989 DEBUG 9916 --- [           main] org.hibernate.SQL                        : drop table if exists decoratives CASCADE 
Hibernate: drop table if exists decoratives CASCADE 
2022-04-26 16:24:07.993 DEBUG 9916 --- [           main] org.hibernate.SQL                        : drop table if exists exit CASCADE 
Hibernate: drop table if exists exit CASCADE 
2022-04-26 16:24:07.993 DEBUG 9916 --- [           main] org.hibernate.SQL                        : drop table if exists items CASCADE 
Hibernate: drop table if exists items CASCADE 
2022-04-26 16:24:07.994 DEBUG 9916 --- [           main] org.hibernate.SQL                        : drop table if exists monster CASCADE 
Hibernate: drop table if exists monster CASCADE 
2022-04-26 16:24:07.995 DEBUG 9916 --- [           main] org.hibernate.SQL                        : drop table if exists monsters_esp CASCADE 
Hibernate: drop table if exists monsters_esp CASCADE 
2022-04-26 16:24:07.996 DEBUG 9916 --- [           main] org.hibernate.SQL                        : drop table if exists player CASCADE 
Hibernate: drop table if exists player CASCADE 
2022-04-26 16:24:07.996 DEBUG 9916 --- [           main] org.hibernate.SQL                        : drop table if exists room CASCADE 
Hibernate: drop table if exists room CASCADE 
2022-04-26 16:24:07.996 DEBUG 9916 --- [           main] org.hibernate.SQL                        : drop table if exists room_decoratives CASCADE 
Hibernate: drop table if exists room_decoratives CASCADE 
2022-04-26 16:24:07.997 DEBUG 9916 --- [           main] org.hibernate.SQL                        : drop table if exists room_items CASCADE 
Hibernate: drop table if exists room_items CASCADE 
2022-04-26 16:24:07.997 DEBUG 9916 --- [           main] org.hibernate.SQL                        : drop sequence if exists hibernate_sequence
Hibernate: drop sequence if exists hibernate_sequence
2022-04-26 16:24:08.004 DEBUG 9916 --- [           main] org.hibernate.SQL                        : create sequence hibernate_sequence start with 1 increment by 1
Hibernate: create sequence hibernate_sequence start with 1 increment by 1
2022-04-26 16:24:08.008 DEBUG 9916 --- [           main] org.hibernate.SQL                        : create table decoratives (id bigint not null, name varchar(255), primary key (id))
Hibernate: create table decoratives (id bigint not null, name varchar(255), primary key (id))
2022-04-26 16:24:08.019 DEBUG 9916 --- [           main] org.hibernate.SQL                        : create table exit (id bigint not null, after_id bigint, before_id bigint, primary key (id))
Hibernate: create table exit (id bigint not null, after_id bigint, before_id bigint, primary key (id))
2022-04-26 16:24:08.021 DEBUG 9916 --- [           main] org.hibernate.SQL                        : create table items (id bigint not null, cost integer, examine varchar(255), last_updated varchar(255), name varchar(255), weight double not null, wiki_url varchar(255), player_id bigint, primary key (id))
Hibernate: create table items (id bigint not null, cost integer, examine varchar(255), last_updated varchar(255), name varchar(255), weight double not null, wiki_url varchar(255), player_id bigint, primary key (id))
2022-04-26 16:24:08.023 DEBUG 9916 --- [           main] org.hibernate.SQL                        : create table monster (id bigint not null, hp integer, name varchar(255), monster_esp_id bigint, room_id bigint, primary key (id))
Hibernate: create table monster (id bigint not null, hp integer, name varchar(255), monster_esp_id bigint, room_id bigint, primary key (id))
2022-04-26 16:24:08.026 DEBUG 9916 --- [           main] org.hibernate.SQL                        : create table monsters_esp (id bigint not null, attack_level integer, category varchar(255), defence_slash integer, examine varchar(255), hitpoints integer, last_updated varchar(255), name varchar(255), size integer, wiki_url varchar(255), primary key (id))
Hibernate: create table monsters_esp (id bigint not null, attack_level integer, category varchar(255), defence_slash integer, examine varchar(255), hitpoints integer, last_updated varchar(255), name varchar(255), size integer, wiki_url varchar(255), primary key (id))
2022-04-26 16:24:08.027 DEBUG 9916 --- [           main] org.hibernate.SQL                        : create table player (id bigint not null, attack_level integer, clock integer, defence_slash integer, hp integer, password varchar(255), role integer, size integer, username varchar(255), weight integer, room_id bigint, primary key (id))
Hibernate: create table player (id bigint not null, attack_level integer, clock integer, defence_slash integer, hp integer, password varchar(255), role integer, size integer, username varchar(255), weight integer, room_id bigint, primary key (id))
2022-04-26 16:24:08.031 DEBUG 9916 --- [           main] org.hibernate.SQL                        : create table room (id bigint not null, description varchar(255), name varchar(255), monster_id bigint, primary key (id))
Hibernate: create table room (id bigint not null, description varchar(255), name varchar(255), monster_id bigint, primary key (id))
2022-04-26 16:24:08.035 DEBUG 9916 --- [           main] org.hibernate.SQL                        : create table room_decoratives (room_id bigint not null, decoratives_id bigint not null)
Hibernate: create table room_decoratives (room_id bigint not null, decoratives_id bigint not null)
2022-04-26 16:24:08.039 DEBUG 9916 --- [           main] org.hibernate.SQL                        : create table room_items (rooms_id bigint not null, items_id bigint not null)
Hibernate: create table room_items (rooms_id bigint not null, items_id bigint not null)
2022-04-26 16:24:08.041 DEBUG 9916 --- [           main] org.hibernate.SQL                        : alter table exit add constraint FKa47bo6bnpj508my90mqykr1jg foreign key (after_id) references room
Hibernate: alter table exit add constraint FKa47bo6bnpj508my90mqykr1jg foreign key (after_id) references room
2022-04-26 16:24:08.055 DEBUG 9916 --- [           main] org.hibernate.SQL                        : alter table exit add constraint FK3cueyxcf7771xin5ktxul9jo8 foreign key (before_id) references room
Hibernate: alter table exit add constraint FK3cueyxcf7771xin5ktxul9jo8 foreign key (before_id) references room
2022-04-26 16:24:08.058 DEBUG 9916 --- [           main] org.hibernate.SQL                        : alter table items add constraint FK4vuyc2rbgsd8fyw31w0exdqer foreign key (player_id) references player
Hibernate: alter table items add constraint FK4vuyc2rbgsd8fyw31w0exdqer foreign key (player_id) references player
2022-04-26 16:24:08.061 DEBUG 9916 --- [           main] org.hibernate.SQL                        : alter table monster add constraint FKfdiynu5h7e6528ivcnl7y22du foreign key (monster_esp_id) references monsters_esp
Hibernate: alter table monster add constraint FKfdiynu5h7e6528ivcnl7y22du foreign key (monster_esp_id) references monsters_esp
2022-04-26 16:24:08.069 DEBUG 9916 --- [           main] org.hibernate.SQL                        : alter table monster add constraint FKdsur4vw6rg55wtj9ka8s1lqqi foreign key (room_id) references room
Hibernate: alter table monster add constraint FKdsur4vw6rg55wtj9ka8s1lqqi foreign key (room_id) references room
2022-04-26 16:24:08.072 DEBUG 9916 --- [           main] org.hibernate.SQL                        : alter table player add constraint FK5ngp5074vt6ns2dixliw5ry36 foreign key (room_id) references room
Hibernate: alter table player add constraint FK5ngp5074vt6ns2dixliw5ry36 foreign key (room_id) references room
2022-04-26 16:24:08.075 DEBUG 9916 --- [           main] org.hibernate.SQL                        : alter table room add constraint FKfg90stuh9o02drj4cotfj4wgp foreign key (monster_id) references monster
Hibernate: alter table room add constraint FKfg90stuh9o02drj4cotfj4wgp foreign key (monster_id) references monster
2022-04-26 16:24:08.077 DEBUG 9916 --- [           main] org.hibernate.SQL                        : alter table room_decoratives add constraint FKeng59mx50aebi064uw0r59c5m foreign key (decoratives_id) references decoratives
Hibernate: alter table room_decoratives add constraint FKeng59mx50aebi064uw0r59c5m foreign key (decoratives_id) references decoratives
2022-04-26 16:24:08.082 DEBUG 9916 --- [           main] org.hibernate.SQL                        : alter table room_decoratives add constraint FKka6f7ukytoi1kvcfj3xpx7ngq foreign key (room_id) references room
Hibernate: alter table room_decoratives add constraint FKka6f7ukytoi1kvcfj3xpx7ngq foreign key (room_id) references room
2022-04-26 16:24:08.086 DEBUG 9916 --- [           main] org.hibernate.SQL                        : alter table room_items add constraint FKmgfnbt2sfjuj7ka7pyvaffka6 foreign key (items_id) references items
Hibernate: alter table room_items add constraint FKmgfnbt2sfjuj7ka7pyvaffka6 foreign key (items_id) references items
2022-04-26 16:24:08.088 DEBUG 9916 --- [           main] org.hibernate.SQL                        : alter table room_items add constraint FKhtyg6h8y3i3i9yfx82m9ff8yv foreign key (rooms_id) references room
Hibernate: alter table room_items add constraint FKhtyg6h8y3i3i9yfx82m9ff8yv foreign key (rooms_id) references room
2022-04-26 16:24:08.094  INFO 9916 --- [           main] o.h.e.t.j.p.i.JtaPlatformInitiator       : HHH000490: Using JtaPlatform implementation: [org.hibernate.engine.transaction.jta.platform.internal.NoJtaPlatform]
2022-04-26 16:24:08.109  INFO 9916 --- [           main] j.LocalContainerEntityManagerFactoryBean : Initialized JPA EntityManagerFactory for persistence unit 'default'
2022-04-26 16:24:09.806  WARN 9916 --- [           main] JpaBaseConfiguration$JpaWebConfiguration : spring.jpa.open-in-view is enabled by default. Therefore, database queries may be performed during view rendering. Explicitly configure spring.jpa.open-in-view to disable this warning
2022-04-26 16:24:10.492  INFO 9916 --- [           main] o.s.b.a.w.s.WelcomePageHandlerMapping    : Adding welcome page: class path resource [static/index.html]
2022-04-26 16:24:13.013  INFO 9916 --- [           main] o.s.b.w.embedded.tomcat.TomcatWebServer  : Tomcat started on port(s): 62635 (http) with context path ''
2022-04-26 16:24:13.026  INFO 9916 --- [           main] c.p.P.RoomControllerIntegrationTest      : Started RoomControllerIntegrationTest in 12.564 seconds (JVM running for 14.291)
2022-04-26 16:24:13.622  INFO 9916 --- [           main] j.LocalContainerEntityManagerFactoryBean : Closing JPA EntityManagerFactory for persistence unit 'default'
2022-04-26 16:24:13.622  INFO 9916 --- [           main] .SchemaDropperImpl$DelayedDropActionImpl : HHH000477: Starting delayed evictData of schema as part of SessionFactory shut-down'
2022-04-26 16:24:13.623 DEBUG 9916 --- [           main] org.hibernate.SQL                        : drop table if exists decoratives CASCADE 
Hibernate: drop table if exists decoratives CASCADE 
2022-04-26 16:24:13.631 DEBUG 9916 --- [           main] org.hibernate.SQL                        : drop table if exists exit CASCADE 
Hibernate: drop table if exists exit CASCADE 
2022-04-26 16:24:13.632 DEBUG 9916 --- [           main] org.hibernate.SQL                        : drop table if exists items CASCADE 
Hibernate: drop table if exists items CASCADE 
2022-04-26 16:24:13.634 DEBUG 9916 --- [           main] org.hibernate.SQL                        : drop table if exists monster CASCADE 
Hibernate: drop table if exists monster CASCADE 
2022-04-26 16:24:13.635 DEBUG 9916 --- [           main] org.hibernate.SQL                        : drop table if exists monsters_esp CASCADE 
Hibernate: drop table if exists monsters_esp CASCADE 
2022-04-26 16:24:13.636 DEBUG 9916 --- [           main] org.hibernate.SQL                        : drop table if exists player CASCADE 
Hibernate: drop table if exists player CASCADE 
2022-04-26 16:24:13.637 DEBUG 9916 --- [           main] org.hibernate.SQL                        : drop table if exists room CASCADE 
Hibernate: drop table if exists room CASCADE 
2022-04-26 16:24:13.638 DEBUG 9916 --- [           main] org.hibernate.SQL                        : drop table if exists room_decoratives CASCADE 
Hibernate: drop table if exists room_decoratives CASCADE 
2022-04-26 16:24:13.639 DEBUG 9916 --- [           main] org.hibernate.SQL                        : drop table if exists room_items CASCADE 
Hibernate: drop table if exists room_items CASCADE 
2022-04-26 16:24:13.642 DEBUG 9916 --- [           main] org.hibernate.SQL                        : drop sequence if exists hibernate_sequence
Hibernate: drop sequence if exists hibernate_sequence
2022-04-26 16:24:13.650  INFO 9916 --- [           main] com.zaxxer.hikari.HikariDataSource       : HikariPool-1 - Shutdown initiated...
2022-04-26 16:24:13.955  INFO 9916 --- [           main] com.zaxxer.hikari.HikariDataSource       : HikariPool-1 - Shutdown completed.

  .   ____          _            __ _ _
 /\\ / ___'_ __ _ _(_)_ __  __ _ \ \ \ \
( ( )\___ | '_ | '_| | '_ \/ _` | \ \ \ \
 \\/  ___)| |_)| | | | | || (_| |  ) ) ) )
  '  |____| .__|_| |_|_| |_\__, | / / / /
 =========|_|==============|___/=/_/_/_/
 :: Spring Boot ::                (v2.6.3)

2022-04-26 16:24:14.043  INFO 9916 --- [           main] c.p.P.RoomControllerIntegrationTest      : Starting RoomControllerIntegrationTest using Java 11.0.8 on DESKTOP-3JUB1C5 with PID 9916 (started by samyf in D:\universdad\semestre 9\web\PoyectoWeb-Juego-\Backend\Proyecto)
2022-04-26 16:24:14.044  INFO 9916 --- [           main] c.p.P.RoomControllerIntegrationTest      : The following profiles are active: integrationtest
2022-04-26 16:24:14.508  INFO 9916 --- [           main] .s.d.r.c.RepositoryConfigurationDelegate : Bootstrapping Spring Data JPA repositories in DEFAULT mode.
2022-04-26 16:24:14.530  INFO 9916 --- [           main] .s.d.r.c.RepositoryConfigurationDelegate : Finished Spring Data repository scanning in 22 ms. Found 7 JPA repository interfaces.
2022-04-26 16:24:14.889  INFO 9916 --- [           main] o.s.b.w.embedded.tomcat.TomcatWebServer  : Tomcat initialized with port(s): 0 (http)
2022-04-26 16:24:14.890  INFO 9916 --- [           main] o.apache.catalina.core.StandardService   : Starting service [Tomcat]
2022-04-26 16:24:14.890  INFO 9916 --- [           main] org.apache.catalina.core.StandardEngine  : Starting Servlet engine: [Apache Tomcat/9.0.56]
2022-04-26 16:24:14.959  INFO 9916 --- [           main] o.a.c.c.C.[Tomcat].[localhost].[/]       : Initializing Spring embedded WebApplicationContext
2022-04-26 16:24:14.959  INFO 9916 --- [           main] w.s.c.ServletWebServerApplicationContext : Root WebApplicationContext: initialization completed in 911 ms
2022-04-26 16:24:15.030  INFO 9916 --- [           main] com.zaxxer.hikari.HikariDataSource       : HikariPool-2 - Starting...
2022-04-26 16:24:15.054  INFO 9916 --- [           main] com.zaxxer.hikari.HikariDataSource       : HikariPool-2 - Start completed.
2022-04-26 16:24:15.054  INFO 9916 --- [           main] o.s.b.a.h2.H2ConsoleAutoConfiguration    : H2 console available at '/h2'. Database available at 'jdbc:h2:file:./mydatabase'
2022-04-26 16:24:15.262  INFO 9916 --- [           main] o.hibernate.jpa.internal.util.LogHelper  : HHH000204: Processing PersistenceUnitInfo [name: default]
2022-04-26 16:24:15.287  INFO 9916 --- [           main] org.hibernate.dialect.Dialect            : HHH000400: Using dialect: org.hibernate.dialect.H2Dialect
2022-04-26 16:24:15.519 DEBUG 9916 --- [           main] org.hibernate.SQL                        : drop table if exists decoratives CASCADE 
Hibernate: drop table if exists decoratives CASCADE 
2022-04-26 16:24:15.519 DEBUG 9916 --- [           main] org.hibernate.SQL                        : drop table if exists exit CASCADE 
Hibernate: drop table if exists exit CASCADE 
2022-04-26 16:24:15.519 DEBUG 9916 --- [           main] org.hibernate.SQL                        : drop table if exists items CASCADE 
Hibernate: drop table if exists items CASCADE 
2022-04-26 16:24:15.519 DEBUG 9916 --- [           main] org.hibernate.SQL                        : drop table if exists monster CASCADE 
Hibernate: drop table if exists monster CASCADE 
2022-04-26 16:24:15.519 DEBUG 9916 --- [           main] org.hibernate.SQL                        : drop table if exists monsters_esp CASCADE 
Hibernate: drop table if exists monsters_esp CASCADE 
2022-04-26 16:24:15.520 DEBUG 9916 --- [           main] org.hibernate.SQL                        : drop table if exists player CASCADE 
Hibernate: drop table if exists player CASCADE 
2022-04-26 16:24:15.520 DEBUG 9916 --- [           main] org.hibernate.SQL                        : drop table if exists room CASCADE 
Hibernate: drop table if exists room CASCADE 
2022-04-26 16:24:15.520 DEBUG 9916 --- [           main] org.hibernate.SQL                        : drop table if exists room_decoratives CASCADE 
Hibernate: drop table if exists room_decoratives CASCADE 
2022-04-26 16:24:15.521 DEBUG 9916 --- [           main] org.hibernate.SQL                        : drop table if exists room_items CASCADE 
Hibernate: drop table if exists room_items CASCADE 
2022-04-26 16:24:15.521 DEBUG 9916 --- [           main] org.hibernate.SQL                        : drop sequence if exists hibernate_sequence
Hibernate: drop sequence if exists hibernate_sequence
2022-04-26 16:24:15.521 DEBUG 9916 --- [           main] org.hibernate.SQL                        : create sequence hibernate_sequence start with 1 increment by 1
Hibernate: create sequence hibernate_sequence start with 1 increment by 1
2022-04-26 16:24:15.522 DEBUG 9916 --- [           main] org.hibernate.SQL                        : create table decoratives (id bigint not null, name varchar(255), primary key (id))
Hibernate: create table decoratives (id bigint not null, name varchar(255), primary key (id))
2022-04-26 16:24:15.523 DEBUG 9916 --- [           main] org.hibernate.SQL                        : create table exit (id bigint not null, after_id bigint, before_id bigint, primary key (id))
Hibernate: create table exit (id bigint not null, after_id bigint, before_id bigint, primary key (id))
2022-04-26 16:24:15.524 DEBUG 9916 --- [           main] org.hibernate.SQL                        : create table items (id bigint not null, cost integer, examine varchar(255), last_updated varchar(255), name varchar(255), weight double not null, wiki_url varchar(255), player_id bigint, primary key (id))
Hibernate: create table items (id bigint not null, cost integer, examine varchar(255), last_updated varchar(255), name varchar(255), weight double not null, wiki_url varchar(255), player_id bigint, primary key (id))
2022-04-26 16:24:15.526 DEBUG 9916 --- [           main] org.hibernate.SQL                        : create table monster (id bigint not null, hp integer, name varchar(255), monster_esp_id bigint, room_id bigint, primary key (id))
Hibernate: create table monster (id bigint not null, hp integer, name varchar(255), monster_esp_id bigint, room_id bigint, primary key (id))
2022-04-26 16:24:15.530 DEBUG 9916 --- [           main] org.hibernate.SQL                        : create table monsters_esp (id bigint not null, attack_level integer, category varchar(255), defence_slash integer, examine varchar(255), hitpoints integer, last_updated varchar(255), name varchar(255), size integer, wiki_url varchar(255), primary key (id))
Hibernate: create table monsters_esp (id bigint not null, attack_level integer, category varchar(255), defence_slash integer, examine varchar(255), hitpoints integer, last_updated varchar(255), name varchar(255), size integer, wiki_url varchar(255), primary key (id))
2022-04-26 16:24:15.531 DEBUG 9916 --- [           main] org.hibernate.SQL                        : create table player (id bigint not null, attack_level integer, clock integer, defence_slash integer, hp integer, password varchar(255), role integer, size integer, username varchar(255), weight integer, room_id bigint, primary key (id))
Hibernate: create table player (id bigint not null, attack_level integer, clock integer, defence_slash integer, hp integer, password varchar(255), role integer, size integer, username varchar(255), weight integer, room_id bigint, primary key (id))
2022-04-26 16:24:15.533 DEBUG 9916 --- [           main] org.hibernate.SQL                        : create table room (id bigint not null, description varchar(255), name varchar(255), monster_id bigint, primary key (id))
Hibernate: create table room (id bigint not null, description varchar(255), name varchar(255), monster_id bigint, primary key (id))
2022-04-26 16:24:15.534 DEBUG 9916 --- [           main] org.hibernate.SQL                        : create table room_decoratives (room_id bigint not null, decoratives_id bigint not null)
Hibernate: create table room_decoratives (room_id bigint not null, decoratives_id bigint not null)
2022-04-26 16:24:15.534 DEBUG 9916 --- [           main] org.hibernate.SQL                        : create table room_items (rooms_id bigint not null, items_id bigint not null)
Hibernate: create table room_items (rooms_id bigint not null, items_id bigint not null)
2022-04-26 16:24:15.537 DEBUG 9916 --- [           main] org.hibernate.SQL                        : alter table exit add constraint FKa47bo6bnpj508my90mqykr1jg foreign key (after_id) references room
Hibernate: alter table exit add constraint FKa47bo6bnpj508my90mqykr1jg foreign key (after_id) references room
2022-04-26 16:24:15.539 DEBUG 9916 --- [           main] org.hibernate.SQL                        : alter table exit add constraint FK3cueyxcf7771xin5ktxul9jo8 foreign key (before_id) references room
Hibernate: alter table exit add constraint FK3cueyxcf7771xin5ktxul9jo8 foreign key (before_id) references room
2022-04-26 16:24:15.541 DEBUG 9916 --- [           main] org.hibernate.SQL                        : alter table items add constraint FK4vuyc2rbgsd8fyw31w0exdqer foreign key (player_id) references player
Hibernate: alter table items add constraint FK4vuyc2rbgsd8fyw31w0exdqer foreign key (player_id) references player
2022-04-26 16:24:15.550 DEBUG 9916 --- [           main] org.hibernate.SQL                        : alter table monster add constraint FKfdiynu5h7e6528ivcnl7y22du foreign key (monster_esp_id) references monsters_esp
Hibernate: alter table monster add constraint FKfdiynu5h7e6528ivcnl7y22du foreign key (monster_esp_id) references monsters_esp
2022-04-26 16:24:15.557 DEBUG 9916 --- [           main] org.hibernate.SQL                        : alter table monster add constraint FKdsur4vw6rg55wtj9ka8s1lqqi foreign key (room_id) references room
Hibernate: alter table monster add constraint FKdsur4vw6rg55wtj9ka8s1lqqi foreign key (room_id) references room
2022-04-26 16:24:15.572 DEBUG 9916 --- [           main] org.hibernate.SQL                        : alter table player add constraint FK5ngp5074vt6ns2dixliw5ry36 foreign key (room_id) references room
Hibernate: alter table player add constraint FK5ngp5074vt6ns2dixliw5ry36 foreign key (room_id) references room
2022-04-26 16:24:15.575 DEBUG 9916 --- [           main] org.hibernate.SQL                        : alter table room add constraint FKfg90stuh9o02drj4cotfj4wgp foreign key (monster_id) references monster
Hibernate: alter table room add constraint FKfg90stuh9o02drj4cotfj4wgp foreign key (monster_id) references monster
2022-04-26 16:24:15.577 DEBUG 9916 --- [           main] org.hibernate.SQL                        : alter table room_decoratives add constraint FKeng59mx50aebi064uw0r59c5m foreign key (decoratives_id) references decoratives
Hibernate: alter table room_decoratives add constraint FKeng59mx50aebi064uw0r59c5m foreign key (decoratives_id) references decoratives
2022-04-26 16:24:15.583 DEBUG 9916 --- [           main] org.hibernate.SQL                        : alter table room_decoratives add constraint FKka6f7ukytoi1kvcfj3xpx7ngq foreign key (room_id) references room
Hibernate: alter table room_decoratives add constraint FKka6f7ukytoi1kvcfj3xpx7ngq foreign key (room_id) references room
2022-04-26 16:24:15.637 DEBUG 9916 --- [           main] org.hibernate.SQL                        : alter table room_items add constraint FKmgfnbt2sfjuj7ka7pyvaffka6 foreign key (items_id) references items
Hibernate: alter table room_items add constraint FKmgfnbt2sfjuj7ka7pyvaffka6 foreign key (items_id) references items
2022-04-26 16:24:15.639 DEBUG 9916 --- [           main] org.hibernate.SQL                        : alter table room_items add constraint FKhtyg6h8y3i3i9yfx82m9ff8yv foreign key (rooms_id) references room
Hibernate: alter table room_items add constraint FKhtyg6h8y3i3i9yfx82m9ff8yv foreign key (rooms_id) references room
2022-04-26 16:24:15.642  INFO 9916 --- [           main] o.h.e.t.j.p.i.JtaPlatformInitiator       : HHH000490: Using JtaPlatform implementation: [org.hibernate.engine.transaction.jta.platform.internal.NoJtaPlatform]
2022-04-26 16:24:15.642  INFO 9916 --- [           main] j.LocalContainerEntityManagerFactoryBean : Initialized JPA EntityManagerFactory for persistence unit 'default'
2022-04-26 16:24:16.169  WARN 9916 --- [           main] JpaBaseConfiguration$JpaWebConfiguration : spring.jpa.open-in-view is enabled by default. Therefore, database queries may be performed during view rendering. Explicitly configure spring.jpa.open-in-view to disable this warning
2022-04-26 16:24:16.440  INFO 9916 --- [           main] o.s.b.a.w.s.WelcomePageHandlerMapping    : Adding welcome page: class path resource [static/index.html]
2022-04-26 16:24:17.388  INFO 9916 --- [           main] o.s.b.w.embedded.tomcat.TomcatWebServer  : Tomcat started on port(s): 62639 (http) with context path ''
2022-04-26 16:24:17.393  INFO 9916 --- [           main] c.p.P.RoomControllerIntegrationTest      : Started RoomControllerIntegrationTest in 3.434 seconds (JVM running for 18.658)
2022-04-26 16:24:17.661 DEBUG 9916 --- [           main] org.hibernate.SQL                        : call next value for hibernate_sequence
Hibernate: call next value for hibernate_sequence
2022-04-26 16:24:17.751 DEBUG 9916 --- [           main] org.hibernate.SQL                        : insert into room (description, monster_id, name, id) values (?, ?, ?, ?)
Hibernate: insert into room (description, monster_id, name, id) values (?, ?, ?, ?)
2022-04-26 16:24:17.756 TRACE 9916 --- [           main] o.h.type.descriptor.sql.BasicBinder      : binding parameter [1] as [VARCHAR] - [Habitación de prueba]
2022-04-26 16:24:17.758 TRACE 9916 --- [           main] o.h.type.descriptor.sql.BasicBinder      : binding parameter [2] as [BIGINT] - [null]
2022-04-26 16:24:17.758 TRACE 9916 --- [           main] o.h.type.descriptor.sql.BasicBinder      : binding parameter [3] as [VARCHAR] - [Room 1]
2022-04-26 16:24:17.758 TRACE 9916 --- [           main] o.h.type.descriptor.sql.BasicBinder      : binding parameter [4] as [BIGINT] - [1]
2022-04-26 16:24:17.773 DEBUG 9916 --- [           main] org.hibernate.SQL                        : call next value for hibernate_sequence
Hibernate: call next value for hibernate_sequence
2022-04-26 16:24:17.785 DEBUG 9916 --- [           main] org.hibernate.SQL                        : insert into player (attack_level, clock, defence_slash, hp, password, role, room_id, size, username, weight, id) values (?, ?, ?, ?, ?, ?, ?, ?, ?, ?, ?)
Hibernate: insert into player (attack_level, clock, defence_slash, hp, password, role, room_id, size, username, weight, id) values (?, ?, ?, ?, ?, ?, ?, ?, ?, ?, ?)
2022-04-26 16:24:17.785 TRACE 9916 --- [           main] o.h.type.descriptor.sql.BasicBinder      : binding parameter [1] as [INTEGER] - [15]
2022-04-26 16:24:17.786 TRACE 9916 --- [           main] o.h.type.descriptor.sql.BasicBinder      : binding parameter [2] as [INTEGER] - [0]
2022-04-26 16:24:17.786 TRACE 9916 --- [           main] o.h.type.descriptor.sql.BasicBinder      : binding parameter [3] as [INTEGER] - [15]
2022-04-26 16:24:17.786 TRACE 9916 --- [           main] o.h.type.descriptor.sql.BasicBinder      : binding parameter [4] as [INTEGER] - [500]
2022-04-26 16:24:17.786 TRACE 9916 --- [           main] o.h.type.descriptor.sql.BasicBinder      : binding parameter [5] as [VARCHAR] - [123]
2022-04-26 16:24:17.786 TRACE 9916 --- [           main] o.h.type.descriptor.sql.BasicBinder      : binding parameter [6] as [INTEGER] - [0]
2022-04-26 16:24:17.786 TRACE 9916 --- [           main] o.h.type.descriptor.sql.BasicBinder      : binding parameter [7] as [BIGINT] - [1]
2022-04-26 16:24:17.786 TRACE 9916 --- [           main] o.h.type.descriptor.sql.BasicBinder      : binding parameter [8] as [INTEGER] - [30]
2022-04-26 16:24:17.786 TRACE 9916 --- [           main] o.h.type.descriptor.sql.BasicBinder      : binding parameter [9] as [VARCHAR] - [playerp1]
2022-04-26 16:24:17.786 TRACE 9916 --- [           main] o.h.type.descriptor.sql.BasicBinder      : binding parameter [10] as [INTEGER] - [50]
2022-04-26 16:24:17.787 TRACE 9916 --- [           main] o.h.type.descriptor.sql.BasicBinder      : binding parameter [11] as [BIGINT] - [2]
2022-04-26 16:24:17.820 DEBUG 9916 --- [           main] org.hibernate.SQL                        : call next value for hibernate_sequence
Hibernate: call next value for hibernate_sequence
2022-04-26 16:24:17.822 DEBUG 9916 --- [           main] org.hibernate.SQL                        : insert into player (attack_level, clock, defence_slash, hp, password, role, room_id, size, username, weight, id) values (?, ?, ?, ?, ?, ?, ?, ?, ?, ?, ?)
Hibernate: insert into player (attack_level, clock, defence_slash, hp, password, role, room_id, size, username, weight, id) values (?, ?, ?, ?, ?, ?, ?, ?, ?, ?, ?)
2022-04-26 16:24:17.823 TRACE 9916 --- [           main] o.h.type.descriptor.sql.BasicBinder      : binding parameter [1] as [INTEGER] - [15]
2022-04-26 16:24:17.823 TRACE 9916 --- [           main] o.h.type.descriptor.sql.BasicBinder      : binding parameter [2] as [INTEGER] - [0]
2022-04-26 16:24:17.823 TRACE 9916 --- [           main] o.h.type.descriptor.sql.BasicBinder      : binding parameter [3] as [INTEGER] - [15]
2022-04-26 16:24:17.823 TRACE 9916 --- [           main] o.h.type.descriptor.sql.BasicBinder      : binding parameter [4] as [INTEGER] - [500]
2022-04-26 16:24:17.824 TRACE 9916 --- [           main] o.h.type.descriptor.sql.BasicBinder      : binding parameter [5] as [VARCHAR] - [123]
2022-04-26 16:24:17.824 TRACE 9916 --- [           main] o.h.type.descriptor.sql.BasicBinder      : binding parameter [6] as [INTEGER] - [0]
2022-04-26 16:24:17.824 TRACE 9916 --- [           main] o.h.type.descriptor.sql.BasicBinder      : binding parameter [7] as [BIGINT] - [1]
2022-04-26 16:24:17.824 TRACE 9916 --- [           main] o.h.type.descriptor.sql.BasicBinder      : binding parameter [8] as [INTEGER] - [30]
2022-04-26 16:24:17.824 TRACE 9916 --- [           main] o.h.type.descriptor.sql.BasicBinder      : binding parameter [9] as [VARCHAR] - [playerp2]
2022-04-26 16:24:17.824 TRACE 9916 --- [           main] o.h.type.descriptor.sql.BasicBinder      : binding parameter [10] as [INTEGER] - [50]
2022-04-26 16:24:17.824 TRACE 9916 --- [           main] o.h.type.descriptor.sql.BasicBinder      : binding parameter [11] as [BIGINT] - [3]
2022-04-26 16:24:17.826 DEBUG 9916 --- [           main] org.hibernate.SQL                        : call next value for hibernate_sequence
Hibernate: call next value for hibernate_sequence
2022-04-26 16:24:17.835 DEBUG 9916 --- [           main] org.hibernate.SQL                        : insert into player (attack_level, clock, defence_slash, hp, password, role, room_id, size, username, weight, id) values (?, ?, ?, ?, ?, ?, ?, ?, ?, ?, ?)
Hibernate: insert into player (attack_level, clock, defence_slash, hp, password, role, room_id, size, username, weight, id) values (?, ?, ?, ?, ?, ?, ?, ?, ?, ?, ?)
2022-04-26 16:24:17.836 TRACE 9916 --- [           main] o.h.type.descriptor.sql.BasicBinder      : binding parameter [1] as [INTEGER] - [15]
2022-04-26 16:24:17.837 TRACE 9916 --- [           main] o.h.type.descriptor.sql.BasicBinder      : binding parameter [2] as [INTEGER] - [0]
2022-04-26 16:24:17.837 TRACE 9916 --- [           main] o.h.type.descriptor.sql.BasicBinder      : binding parameter [3] as [INTEGER] - [15]
2022-04-26 16:24:17.837 TRACE 9916 --- [           main] o.h.type.descriptor.sql.BasicBinder      : binding parameter [4] as [INTEGER] - [500]
2022-04-26 16:24:17.837 TRACE 9916 --- [           main] o.h.type.descriptor.sql.BasicBinder      : binding parameter [5] as [VARCHAR] - [123]
2022-04-26 16:24:17.837 TRACE 9916 --- [           main] o.h.type.descriptor.sql.BasicBinder      : binding parameter [6] as [INTEGER] - [0]
2022-04-26 16:24:17.838 TRACE 9916 --- [           main] o.h.type.descriptor.sql.BasicBinder      : binding parameter [7] as [BIGINT] - [1]
2022-04-26 16:24:17.838 TRACE 9916 --- [           main] o.h.type.descriptor.sql.BasicBinder      : binding parameter [8] as [INTEGER] - [30]
2022-04-26 16:24:17.838 TRACE 9916 --- [           main] o.h.type.descriptor.sql.BasicBinder      : binding parameter [9] as [VARCHAR] - [playerp3]
2022-04-26 16:24:17.838 TRACE 9916 --- [           main] o.h.type.descriptor.sql.BasicBinder      : binding parameter [10] as [INTEGER] - [50]
2022-04-26 16:24:17.838 TRACE 9916 --- [           main] o.h.type.descriptor.sql.BasicBinder      : binding parameter [11] as [BIGINT] - [4]
2022-04-26 16:24:18.175  INFO 9916 --- [o-auto-2-exec-1] o.a.c.c.C.[Tomcat].[localhost].[/]       : Initializing Spring DispatcherServlet 'dispatcherServlet'
2022-04-26 16:24:18.176  INFO 9916 --- [o-auto-2-exec-1] o.s.web.servlet.DispatcherServlet        : Initializing Servlet 'dispatcherServlet'
2022-04-26 16:24:18.178  INFO 9916 --- [o-auto-2-exec-1] o.s.web.servlet.DispatcherServlet        : Completed initialization in 2 ms
2022-04-26 16:24:18.261 DEBUG 9916 --- [o-auto-2-exec-1] org.hibernate.SQL                        : select room0_.id as id1_6_0_, room0_.description as descript2_6_0_, room0_.monster_id as monster_4_6_0_, room0_.name as name3_6_0_, monster1_.id as id1_3_1_, monster1_.hp as hp2_3_1_, monster1_.monster_esp_id as monster_4_3_1_, monster1_.name as name3_3_1_, monster1_.room_id as room_id5_3_1_, monsterses2_.id as id1_4_2_, monsterses2_.attack_level as attack_l2_4_2_, monsterses2_.category as category3_4_2_, monsterses2_.defence_slash as defence_4_4_2_, monsterses2_.examine as examine5_4_2_, monsterses2_.hitpoints as hitpoint6_4_2_, monsterses2_.last_updated as last_upd7_4_2_, monsterses2_.name as name8_4_2_, monsterses2_.size as size9_4_2_, monsterses2_.wiki_url as wiki_ur10_4_2_, room3_.id as id1_6_3_, room3_.description as descript2_6_3_, room3_.monster_id as monster_4_6_3_, room3_.name as name3_6_3_ from room room0_ left outer join monster monster1_ on room0_.monster_id=monster1_.id left outer join monsters_esp monsterses2_ on monster1_.monster_esp_id=monsterses2_.id left outer join room room3_ on monster1_.room_id=room3_.id where room0_.id=?
Hibernate: select room0_.id as id1_6_0_, room0_.description as descript2_6_0_, room0_.monster_id as monster_4_6_0_, room0_.name as name3_6_0_, monster1_.id as id1_3_1_, monster1_.hp as hp2_3_1_, monster1_.monster_esp_id as monster_4_3_1_, monster1_.name as name3_3_1_, monster1_.room_id as room_id5_3_1_, monsterses2_.id as id1_4_2_, monsterses2_.attack_level as attack_l2_4_2_, monsterses2_.category as category3_4_2_, monsterses2_.defence_slash as defence_4_4_2_, monsterses2_.examine as examine5_4_2_, monsterses2_.hitpoints as hitpoint6_4_2_, monsterses2_.last_updated as last_upd7_4_2_, monsterses2_.name as name8_4_2_, monsterses2_.size as size9_4_2_, monsterses2_.wiki_url as wiki_ur10_4_2_, room3_.id as id1_6_3_, room3_.description as descript2_6_3_, room3_.monster_id as monster_4_6_3_, room3_.name as name3_6_3_ from room room0_ left outer join monster monster1_ on room0_.monster_id=monster1_.id left outer join monsters_esp monsterses2_ on monster1_.monster_esp_id=monsterses2_.id left outer join room room3_ on monster1_.room_id=room3_.id where room0_.id=?
2022-04-26 16:24:18.270 TRACE 9916 --- [o-auto-2-exec-1] o.h.type.descriptor.sql.BasicBinder      : binding parameter [1] as [BIGINT] - [1]
2022-04-26 16:24:18.349 DEBUG 9916 --- [o-auto-2-exec-1] org.hibernate.SQL                        : select players0_.room_id as room_id11_5_0_, players0_.id as id1_5_0_, players0_.id as id1_5_1_, players0_.attack_level as attack_l2_5_1_, players0_.clock as clock3_5_1_, players0_.defence_slash as defence_4_5_1_, players0_.hp as hp5_5_1_, players0_.password as password6_5_1_, players0_.role as role7_5_1_, players0_.room_id as room_id11_5_1_, players0_.size as size8_5_1_, players0_.username as username9_5_1_, players0_.weight as weight10_5_1_ from player players0_ where players0_.room_id=?
Hibernate: select players0_.room_id as room_id11_5_0_, players0_.id as id1_5_0_, players0_.id as id1_5_1_, players0_.attack_level as attack_l2_5_1_, players0_.clock as clock3_5_1_, players0_.defence_slash as defence_4_5_1_, players0_.hp as hp5_5_1_, players0_.password as password6_5_1_, players0_.role as role7_5_1_, players0_.room_id as room_id11_5_1_, players0_.size as size8_5_1_, players0_.username as username9_5_1_, players0_.weight as weight10_5_1_ from player players0_ where players0_.room_id=?
2022-04-26 16:24:18.350 TRACE 9916 --- [o-auto-2-exec-1] o.h.type.descriptor.sql.BasicBinder      : binding parameter [1] as [BIGINT] - [1]
2022-04-26 16:24:18.385 DEBUG 9916 --- [o-auto-2-exec-1] org.hibernate.SQL                        : select backpack0_.player_id as player_i8_2_0_, backpack0_.id as id1_2_0_, backpack0_.id as id1_2_1_, backpack0_.cost as cost2_2_1_, backpack0_.examine as examine3_2_1_, backpack0_.last_updated as last_upd4_2_1_, backpack0_.name as name5_2_1_, backpack0_.player_id as player_i8_2_1_, backpack0_.weight as weight6_2_1_, backpack0_.wiki_url as wiki_url7_2_1_ from items backpack0_ where backpack0_.player_id=?
Hibernate: select backpack0_.player_id as player_i8_2_0_, backpack0_.id as id1_2_0_, backpack0_.id as id1_2_1_, backpack0_.cost as cost2_2_1_, backpack0_.examine as examine3_2_1_, backpack0_.last_updated as last_upd4_2_1_, backpack0_.name as name5_2_1_, backpack0_.player_id as player_i8_2_1_, backpack0_.weight as weight6_2_1_, backpack0_.wiki_url as wiki_url7_2_1_ from items backpack0_ where backpack0_.player_id=?
2022-04-26 16:24:18.386 TRACE 9916 --- [o-auto-2-exec-1] o.h.type.descriptor.sql.BasicBinder      : binding parameter [1] as [BIGINT] - [2]
2022-04-26 16:24:18.388 DEBUG 9916 --- [o-auto-2-exec-1] org.hibernate.SQL                        : select items0_.rooms_id as rooms_id1_8_0_, items0_.items_id as items_id2_8_0_, items1_.id as id1_2_1_, items1_.cost as cost2_2_1_, items1_.examine as examine3_2_1_, items1_.last_updated as last_upd4_2_1_, items1_.name as name5_2_1_, items1_.player_id as player_i8_2_1_, items1_.weight as weight6_2_1_, items1_.wiki_url as wiki_url7_2_1_, player2_.id as id1_5_2_, player2_.attack_level as attack_l2_5_2_, player2_.clock as clock3_5_2_, player2_.defence_slash as defence_4_5_2_, player2_.hp as hp5_5_2_, player2_.password as password6_5_2_, player2_.role as role7_5_2_, player2_.room_id as room_id11_5_2_, player2_.size as size8_5_2_, player2_.username as username9_5_2_, player2_.weight as weight10_5_2_, room3_.id as id1_6_3_, room3_.description as descript2_6_3_, room3_.monster_id as monster_4_6_3_, room3_.name as name3_6_3_, monster4_.id as id1_3_4_, monster4_.hp as hp2_3_4_, monster4_.monster_esp_id as monster_4_3_4_, monster4_.name as name3_3_4_, monster4_.room_id as room_id5_3_4_, monsterses5_.id as id1_4_5_, monsterses5_.attack_level as attack_l2_4_5_, monsterses5_.category as category3_4_5_, monsterses5_.defence_slash as defence_4_4_5_, monsterses5_.examine as examine5_4_5_, monsterses5_.hitpoints as hitpoint6_4_5_, monsterses5_.last_updated as last_upd7_4_5_, monsterses5_.name as name8_4_5_, monsterses5_.size as size9_4_5_, monsterses5_.wiki_url as wiki_ur10_4_5_, room6_.id as id1_6_6_, room6_.description as descript2_6_6_, room6_.monster_id as monster_4_6_6_, room6_.name as name3_6_6_ from room_items items0_ inner join items items1_ on items0_.items_id=items1_.id left outer join player player2_ on items1_.player_id=player2_.id left outer join room room3_ on player2_.room_id=room3_.id left outer join monster monster4_ on room3_.monster_id=monster4_.id left outer join monsters_esp monsterses5_ on monster4_.monster_esp_id=monsterses5_.id left outer join room room6_ on monster4_.room_id=room6_.id where items0_.rooms_id=?
Hibernate: select items0_.rooms_id as rooms_id1_8_0_, items0_.items_id as items_id2_8_0_, items1_.id as id1_2_1_, items1_.cost as cost2_2_1_, items1_.examine as examine3_2_1_, items1_.last_updated as last_upd4_2_1_, items1_.name as name5_2_1_, items1_.player_id as player_i8_2_1_, items1_.weight as weight6_2_1_, items1_.wiki_url as wiki_url7_2_1_, player2_.id as id1_5_2_, player2_.attack_level as attack_l2_5_2_, player2_.clock as clock3_5_2_, player2_.defence_slash as defence_4_5_2_, player2_.hp as hp5_5_2_, player2_.password as password6_5_2_, player2_.role as role7_5_2_, player2_.room_id as room_id11_5_2_, player2_.size as size8_5_2_, player2_.username as username9_5_2_, player2_.weight as weight10_5_2_, room3_.id as id1_6_3_, room3_.description as descript2_6_3_, room3_.monster_id as monster_4_6_3_, room3_.name as name3_6_3_, monster4_.id as id1_3_4_, monster4_.hp as hp2_3_4_, monster4_.monster_esp_id as monster_4_3_4_, monster4_.name as name3_3_4_, monster4_.room_id as room_id5_3_4_, monsterses5_.id as id1_4_5_, monsterses5_.attack_level as attack_l2_4_5_, monsterses5_.category as category3_4_5_, monsterses5_.defence_slash as defence_4_4_5_, monsterses5_.examine as examine5_4_5_, monsterses5_.hitpoints as hitpoint6_4_5_, monsterses5_.last_updated as last_upd7_4_5_, monsterses5_.name as name8_4_5_, monsterses5_.size as size9_4_5_, monsterses5_.wiki_url as wiki_ur10_4_5_, room6_.id as id1_6_6_, room6_.description as descript2_6_6_, room6_.monster_id as monster_4_6_6_, room6_.name as name3_6_6_ from room_items items0_ inner join items items1_ on items0_.items_id=items1_.id left outer join player player2_ on items1_.player_id=player2_.id left outer join room room3_ on player2_.room_id=room3_.id left outer join monster monster4_ on room3_.monster_id=monster4_.id left outer join monsters_esp monsterses5_ on monster4_.monster_esp_id=monsterses5_.id left outer join room room6_ on monster4_.room_id=room6_.id where items0_.rooms_id=?
2022-04-26 16:24:18.390 TRACE 9916 --- [o-auto-2-exec-1] o.h.type.descriptor.sql.BasicBinder      : binding parameter [1] as [BIGINT] - [1]
2022-04-26 16:24:18.391 DEBUG 9916 --- [o-auto-2-exec-1] org.hibernate.SQL                        : select decorative0_.room_id as room_id1_7_0_, decorative0_.decoratives_id as decorati2_7_0_, decorative1_.id as id1_0_1_, decorative1_.name as name2_0_1_ from room_decoratives decorative0_ inner join decoratives decorative1_ on decorative0_.decoratives_id=decorative1_.id where decorative0_.room_id=?
Hibernate: select decorative0_.room_id as room_id1_7_0_, decorative0_.decoratives_id as decorati2_7_0_, decorative1_.id as id1_0_1_, decorative1_.name as name2_0_1_ from room_decoratives decorative0_ inner join decoratives decorative1_ on decorative0_.decoratives_id=decorative1_.id where decorative0_.room_id=?
2022-04-26 16:24:18.392 TRACE 9916 --- [o-auto-2-exec-1] o.h.type.descriptor.sql.BasicBinder      : binding parameter [1] as [BIGINT] - [1]
2022-04-26 16:24:18.392 DEBUG 9916 --- [o-auto-2-exec-1] org.hibernate.SQL                        : select exits0_.before_id as before_i3_1_0_, exits0_.id as id1_1_0_, exits0_.id as id1_1_1_, exits0_.after_id as after_id2_1_1_, exits0_.before_id as before_i3_1_1_, room1_.id as id1_6_2_, room1_.description as descript2_6_2_, room1_.monster_id as monster_4_6_2_, room1_.name as name3_6_2_, monster2_.id as id1_3_3_, monster2_.hp as hp2_3_3_, monster2_.monster_esp_id as monster_4_3_3_, monster2_.name as name3_3_3_, monster2_.room_id as room_id5_3_3_, monsterses3_.id as id1_4_4_, monsterses3_.attack_level as attack_l2_4_4_, monsterses3_.category as category3_4_4_, monsterses3_.defence_slash as defence_4_4_4_, monsterses3_.examine as examine5_4_4_, monsterses3_.hitpoints as hitpoint6_4_4_, monsterses3_.last_updated as last_upd7_4_4_, monsterses3_.name as name8_4_4_, monsterses3_.size as size9_4_4_, monsterses3_.wiki_url as wiki_ur10_4_4_, room4_.id as id1_6_5_, room4_.description as descript2_6_5_, room4_.monster_id as monster_4_6_5_, room4_.name as name3_6_5_ from exit exits0_ left outer join room room1_ on exits0_.after_id=room1_.id left outer join monster monster2_ on room1_.monster_id=monster2_.id left outer join monsters_esp monsterses3_ on monster2_.monster_esp_id=monsterses3_.id left outer join room room4_ on monster2_.room_id=room4_.id where exits0_.before_id=?
Hibernate: select exits0_.before_id as before_i3_1_0_, exits0_.id as id1_1_0_, exits0_.id as id1_1_1_, exits0_.after_id as after_id2_1_1_, exits0_.before_id as before_i3_1_1_, room1_.id as id1_6_2_, room1_.description as descript2_6_2_, room1_.monster_id as monster_4_6_2_, room1_.name as name3_6_2_, monster2_.id as id1_3_3_, monster2_.hp as hp2_3_3_, monster2_.monster_esp_id as monster_4_3_3_, monster2_.name as name3_3_3_, monster2_.room_id as room_id5_3_3_, monsterses3_.id as id1_4_4_, monsterses3_.attack_level as attack_l2_4_4_, monsterses3_.category as category3_4_4_, monsterses3_.defence_slash as defence_4_4_4_, monsterses3_.examine as examine5_4_4_, monsterses3_.hitpoints as hitpoint6_4_4_, monsterses3_.last_updated as last_upd7_4_4_, monsterses3_.name as name8_4_4_, monsterses3_.size as size9_4_4_, monsterses3_.wiki_url as wiki_ur10_4_4_, room4_.id as id1_6_5_, room4_.description as descript2_6_5_, room4_.monster_id as monster_4_6_5_, room4_.name as name3_6_5_ from exit exits0_ left outer join room room1_ on exits0_.after_id=room1_.id left outer join monster monster2_ on room1_.monster_id=monster2_.id left outer join monsters_esp monsterses3_ on monster2_.monster_esp_id=monsterses3_.id left outer join room room4_ on monster2_.room_id=room4_.id where exits0_.before_id=?
2022-04-26 16:24:18.396 TRACE 9916 --- [o-auto-2-exec-1] o.h.type.descriptor.sql.BasicBinder      : binding parameter [1] as [BIGINT] - [1]
2022-04-26 16:24:18.397 DEBUG 9916 --- [o-auto-2-exec-1] org.hibernate.SQL                        : select backpack0_.player_id as player_i8_2_0_, backpack0_.id as id1_2_0_, backpack0_.id as id1_2_1_, backpack0_.cost as cost2_2_1_, backpack0_.examine as examine3_2_1_, backpack0_.last_updated as last_upd4_2_1_, backpack0_.name as name5_2_1_, backpack0_.player_id as player_i8_2_1_, backpack0_.weight as weight6_2_1_, backpack0_.wiki_url as wiki_url7_2_1_ from items backpack0_ where backpack0_.player_id=?
Hibernate: select backpack0_.player_id as player_i8_2_0_, backpack0_.id as id1_2_0_, backpack0_.id as id1_2_1_, backpack0_.cost as cost2_2_1_, backpack0_.examine as examine3_2_1_, backpack0_.last_updated as last_upd4_2_1_, backpack0_.name as name5_2_1_, backpack0_.player_id as player_i8_2_1_, backpack0_.weight as weight6_2_1_, backpack0_.wiki_url as wiki_url7_2_1_ from items backpack0_ where backpack0_.player_id=?
2022-04-26 16:24:18.397 TRACE 9916 --- [o-auto-2-exec-1] o.h.type.descriptor.sql.BasicBinder      : binding parameter [1] as [BIGINT] - [3]
2022-04-26 16:24:18.398 DEBUG 9916 --- [o-auto-2-exec-1] org.hibernate.SQL                        : select backpack0_.player_id as player_i8_2_0_, backpack0_.id as id1_2_0_, backpack0_.id as id1_2_1_, backpack0_.cost as cost2_2_1_, backpack0_.examine as examine3_2_1_, backpack0_.last_updated as last_upd4_2_1_, backpack0_.name as name5_2_1_, backpack0_.player_id as player_i8_2_1_, backpack0_.weight as weight6_2_1_, backpack0_.wiki_url as wiki_url7_2_1_ from items backpack0_ where backpack0_.player_id=?
Hibernate: select backpack0_.player_id as player_i8_2_0_, backpack0_.id as id1_2_0_, backpack0_.id as id1_2_1_, backpack0_.cost as cost2_2_1_, backpack0_.examine as examine3_2_1_, backpack0_.last_updated as last_upd4_2_1_, backpack0_.name as name5_2_1_, backpack0_.player_id as player_i8_2_1_, backpack0_.weight as weight6_2_1_, backpack0_.wiki_url as wiki_url7_2_1_ from items backpack0_ where backpack0_.player_id=?
2022-04-26 16:24:18.398 TRACE 9916 --- [o-auto-2-exec-1] o.h.type.descriptor.sql.BasicBinder      : binding parameter [1] as [BIGINT] - [4]
]]></system-out>
  </testcase>
</testsuite>